# JRE version: Java(TM) SE Runtime Environment (7.0_79-b15) (build 1.7.0_79-b15)
# Java VM: Java HotSpot(TM) 64-Bit Server VM (24.79-b02 mixed mode windows-amd64 compressed oops)
Heap
 PSYoungGen      total 37376K, used 16339K [0x00000007ab080000, 0x00000007add00000, 0x0000000800000000)
  eden space 29184K, 40% used [0x00000007ab080000,0x00000007abc26eb0,0x00000007acd00000)
  from space 8192K, 53% used [0x00000007ad500000,0x00000007ad94df58,0x00000007add00000)
  to   space 8192K, 0% used [0x00000007acd00000,0x00000007acd00000,0x00000007ad500000)
 ParOldGen       total 461824K, used 460522K [0x0000000701200000, 0x000000071d500000, 0x00000007ab080000)
  object space 461824K, 99% used [0x0000000701200000,0x000000071d3babf0,0x000000071d500000)
 PSPermGen       total 21504K, used 8981K [0x00000006fc000000, 0x00000006fd500000, 0x0000000701200000)
  object space 21504K, 41% used [0x00000006fc000000,0x00000006fc8c5578,0x00000006fd500000)
GC Heap History (10 events):
Event: 1316.543 GC heap before
{Heap before GC invocations=1282 (full 6):
 PSYoungGen      total 37888K, used 34125K [0x00000007ab080000, 0x00000007ade00000, 0x0000000800000000)
  eden space 29184K, 100% used [0x00000007ab080000,0x00000007acd00000,0x00000007acd00000)
  from space 8704K, 56% used [0x00000007acd00000,0x00000007ad1d3460,0x00000007ad580000)
  to   space 8704K, 0% used [0x00000007ad580000,0x00000007ad580000,0x00000007ade00000)
 ParOldGen       total 461824K, used 458434K [0x0000000701200000, 0x000000071d500000, 0x00000007ab080000)
  object space 461824K, 99% used [0x0000000701200000,0x000000071d1b0bf0,0x000000071d500000)
 PSPermGen       total 21504K, used 8981K [0x00000006fc000000, 0x00000006fd500000, 0x0000000701200000)
  object space 21504K, 41% used [0x00000006fc000000,0x00000006fc8c5578,0x00000006fd500000)
Event: 1316.547 GC heap after
Heap after GC invocations=1282 (full 6):
 PSYoungGen      total 37888K, used 4685K [0x00000007ab080000, 0x00000007ade00000, 0x0000000800000000)
  eden space 29184K, 0% used [0x00000007ab080000,0x00000007ab080000,0x00000007acd00000)
  from space 8704K, 53% used [0x00000007ad580000,0x00000007ada13420,0x00000007ade00000)
  to   space 8704K, 0% used [0x00000007acd00000,0x00000007acd00000,0x00000007ad580000)
 ParOldGen       total 461824K, used 459026K [0x0000000701200000, 0x000000071d500000, 0x00000007ab080000)
  object space 461824K, 99% used [0x0000000701200000,0x000000071d244bf0,0x000000071d500000)
 PSPermGen       total 21504K, used 8981K [0x00000006fc000000, 0x00000006fd500000, 0x0000000701200000)
  object space 21504K, 41% used [0x00000006fc000000,0x00000006fc8c5578,0x00000006fd500000)
}
Event: 1317.391 GC heap before
{Heap before GC invocations=1283 (full 6):
 PSYoungGen      total 37888K, used 33869K [0x00000007ab080000, 0x00000007ade00000, 0x0000000800000000)
  eden space 29184K, 100% used [0x00000007ab080000,0x00000007acd00000,0x00000007acd00000)
  from space 8704K, 53% used [0x00000007ad580000,0x00000007ada13420,0x00000007ade00000)
  to   space 8704K, 0% used [0x00000007acd00000,0x00000007acd00000,0x00000007ad580000)
 ParOldGen       total 461824K, used 459026K [0x0000000701200000, 0x000000071d500000, 0x00000007ab080000)
  object space 461824K, 99% used [0x0000000701200000,0x000000071d244bf0,0x000000071d500000)
 PSPermGen       total 21504K, used 8981K [0x00000006fc000000, 0x00000006fd500000, 0x0000000701200000)
  object space 21504K, 41% used [0x00000006fc000000,0x00000006fc8c5578,0x00000006fd500000)
Event: 1317.394 GC heap after
Heap after GC invocations=1283 (full 6):
 PSYoungGen      total 37888K, used 4396K [0x00000007ab080000, 0x00000007ade00000, 0x0000000800000000)
  eden space 29184K, 0% used [0x00000007ab080000,0x00000007ab080000,0x00000007acd00000)
  from space 8704K, 50% used [0x00000007acd00000,0x00000007ad14b3e0,0x00000007ad580000)
  to   space 8704K, 0% used [0x00000007ad580000,0x00000007ad580000,0x00000007ade00000)
 ParOldGen       total 461824K, used 459618K [0x0000000701200000, 0x000000071d500000, 0x00000007ab080000)
  object space 461824K, 99% used [0x0000000701200000,0x000000071d2d8bf0,0x000000071d500000)
 PSPermGen       total 21504K, used 8981K [0x00000006fc000000, 0x00000006fd500000, 0x0000000701200000)
  object space 21504K, 41% used [0x00000006fc000000,0x00000006fc8c5578,0x00000006fd500000)
}
Event: 1318.193 GC heap before
{Heap before GC invocations=1284 (full 6):
 PSYoungGen      total 37888K, used 33580K [0x00000007ab080000, 0x00000007ade00000, 0x0000000800000000)
  eden space 29184K, 100% used [0x00000007ab080000,0x00000007acd00000,0x00000007acd00000)
  from space 8704K, 50% used [0x00000007acd00000,0x00000007ad14b3e0,0x00000007ad580000)
  to   space 8704K, 0% used [0x00000007ad580000,0x00000007ad580000,0x00000007ade00000)
 ParOldGen       total 461824K, used 459618K [0x0000000701200000, 0x000000071d500000, 0x00000007ab080000)
  object space 461824K, 99% used [0x0000000701200000,0x000000071d2d8bf0,0x000000071d500000)
 PSPermGen       total 21504K, used 8981K [0x00000006fc000000, 0x00000006fd500000, 0x0000000701200000)
  object space 21504K, 41% used [0x00000006fc000000,0x00000006fc8c5578,0x00000006fd500000)
Event: 1318.197 GC heap after
Heap after GC invocations=1284 (full 6):
 PSYoungGen      total 36864K, used 4418K [0x00000007ab080000, 0x00000007add00000, 0x0000000800000000)
  eden space 29184K, 0% used [0x00000007ab080000,0x00000007ab080000,0x00000007acd00000)
  from space 7680K, 57% used [0x00000007ad580000,0x00000007ad9d0968,0x00000007add00000)
  to   space 8192K, 0% used [0x00000007acd00000,0x00000007acd00000,0x00000007ad500000)
 ParOldGen       total 461824K, used 459914K [0x0000000701200000, 0x000000071d500000, 0x00000007ab080000)
  object space 461824K, 99% used [0x0000000701200000,0x000000071d322bf0,0x000000071d500000)
 PSPermGen       total 21504K, used 8981K [0x00000006fc000000, 0x00000006fd500000, 0x0000000701200000)
  object space 21504K, 41% used [0x00000006fc000000,0x00000006fc8c5578,0x00000006fd500000)
}
Event: 1319.092 GC heap before
{Heap before GC invocations=1285 (full 6):
 PSYoungGen      total 36864K, used 33602K [0x00000007ab080000, 0x00000007add00000, 0x0000000800000000)
  eden space 29184K, 100% used [0x00000007ab080000,0x00000007acd00000,0x00000007acd00000)
  from space 7680K, 57% used [0x00000007ad580000,0x00000007ad9d0968,0x00000007add00000)
  to   space 8192K, 0% used [0x00000007acd00000,0x00000007acd00000,0x00000007ad500000)
 ParOldGen       total 461824K, used 459914K [0x0000000701200000, 0x000000071d500000, 0x00000007ab080000)
  object space 461824K, 99% used [0x0000000701200000,0x000000071d322bf0,0x000000071d500000)
 PSPermGen       total 21504K, used 8981K [0x00000006fc000000, 0x00000006fd500000, 0x0000000701200000)
  object space 21504K, 41% used [0x00000006fc000000,0x00000006fc8c5578,0x00000006fd500000)
Event: 1319.096 GC heap after
Heap after GC invocations=1285 (full 6):
 PSYoungGen      total 37376K, used 4396K [0x00000007ab080000, 0x00000007add00000, 0x0000000800000000)
  eden space 29184K, 0% used [0x00000007ab080000,0x00000007ab080000,0x00000007acd00000)
  from space 8192K, 53% used [0x00000007acd00000,0x00000007ad14b3a0,0x00000007ad500000)
  to   space 8192K, 0% used [0x00000007ad500000,0x00000007ad500000,0x00000007add00000)
 ParOldGen       total 461824K, used 460218K [0x0000000701200000, 0x000000071d500000, 0x00000007ab080000)
  object space 461824K, 99% used [0x0000000701200000,0x000000071d36ebf0,0x000000071d500000)
 PSPermGen       total 21504K, used 8981K [0x00000006fc000000, 0x00000006fd500000, 0x0000000701200000)
  object space 21504K, 41% used [0x00000006fc000000,0x00000006fc8c5578,0x00000006fd500000)
}
Event: 1319.893 GC heap before
{Heap before GC invocations=1286 (full 6):
 PSYoungGen      total 37376K, used 33580K [0x00000007ab080000, 0x00000007add00000, 0x0000000800000000)
  eden space 29184K, 100% used [0x00000007ab080000,0x00000007acd00000,0x00000007acd00000)
  from space 8192K, 53% used [0x00000007acd00000,0x00000007ad14b3a0,0x00000007ad500000)
  to   space 8192K, 0% used [0x00000007ad500000,0x00000007ad500000,0x00000007add00000)
 ParOldGen       total 461824K, used 460218K [0x0000000701200000, 0x000000071d500000, 0x00000007ab080000)
  object space 461824K, 99% used [0x0000000701200000,0x000000071d36ebf0,0x000000071d500000)
 PSPermGen       total 21504K, used 8981K [0x00000006fc000000, 0x00000006fd500000, 0x0000000701200000)
  object space 21504K, 41% used [0x00000006fc000000,0x00000006fc8c5578,0x00000006fd500000)
Event: 1319.896 GC heap after
Heap after GC invocations=1286 (full 6):
 PSYoungGen      total 37376K, used 4407K [0x00000007ab080000, 0x00000007add00000, 0x0000000800000000)
  eden space 29184K, 0% used [0x00000007ab080000,0x00000007ab080000,0x00000007acd00000)
  from space 8192K, 53% used [0x00000007ad500000,0x00000007ad94df58,0x00000007add00000)
  to   space 8192K, 0% used [0x00000007acd00000,0x00000007acd00000,0x00000007ad500000)
 ParOldGen       total 461824K, used 460522K [0x0000000701200000, 0x000000071d500000, 0x00000007ab080000)
  object space 461824K, 99% used [0x0000000701200000,0x000000071d3babf0,0x000000071d500000)
 PSPermGen       total 21504K, used 8981K [0x00000006fc000000, 0x00000006fd500000, 0x0000000701200000)
  object space 21504K, 41% used [0x00000006fc000000,0x00000006fc8c5578,0x00000006fd500000)
}

