# JRE version: Java(TM) SE Runtime Environment (7.0_79-b15) (build 1.7.0_79-b15)
# Java VM: Java HotSpot(TM) 64-Bit Server VM (24.79-b02 mixed mode windows-amd64 compressed oops)
Heap
 PSYoungGen      total 47104K, used 38477K [0x00000007ab080000, 0x00000007ae700000, 0x0000000800000000)
  eden space 41472K, 79% used [0x00000007ab080000,0x00000007ad0e3598,0x00000007ad900000)
  from space 5632K, 94% used [0x00000007ad980000,0x00000007adeb01b0,0x00000007adf00000)
  to   space 7168K, 0% used [0x00000007ae000000,0x00000007ae000000,0x00000007ae700000)
 ParOldGen       total 230400K, used 224497K [0x0000000701200000, 0x000000070f300000, 0x00000007ab080000)
  object space 230400K, 97% used [0x0000000701200000,0x000000070ed3c6d8,0x000000070f300000)
 PSPermGen       total 21504K, used 8971K [0x00000006fc000000, 0x00000006fd500000, 0x0000000701200000)
  object space 21504K, 41% used [0x00000006fc000000,0x00000006fc8c2ed0,0x00000006fd500000)
GC Heap History (10 events):
Event: 700.581 GC heap before
{Heap before GC invocations=406 (full 1):
 PSYoungGen      total 50688K, used 49543K [0x00000007ab080000, 0x00000007ae980000, 0x0000000800000000)
  eden space 44032K, 100% used [0x00000007ab080000,0x00000007adb80000,0x00000007adb80000)
  from space 6656K, 82% used [0x00000007ae300000,0x00000007ae861cc8,0x00000007ae980000)
  to   space 7168K, 0% used [0x00000007adb80000,0x00000007adb80000,0x00000007ae280000)
 ParOldGen       total 230400K, used 222201K [0x0000000701200000, 0x000000070f300000, 0x00000007ab080000)
  object space 230400K, 96% used [0x0000000701200000,0x000000070eafe740,0x000000070f300000)
 PSPermGen       total 21504K, used 8971K [0x00000006fc000000, 0x00000006fd500000, 0x0000000701200000)
  object space 21504K, 41% used [0x00000006fc000000,0x00000006fc8c2ed0,0x00000006fd500000)
Event: 700.594 GC heap after
Heap after GC invocations=406 (full 1):
 PSYoungGen      total 49152K, used 5589K [0x00000007ab080000, 0x00000007ae900000, 0x0000000800000000)
  eden space 43520K, 0% used [0x00000007ab080000,0x00000007ab080000,0x00000007adb00000)
  from space 5632K, 99% used [0x00000007adb80000,0x00000007ae0f5540,0x00000007ae100000)
  to   space 7168K, 0% used [0x00000007ae200000,0x00000007ae200000,0x00000007ae900000)
 ParOldGen       total 230400K, used 222649K [0x0000000701200000, 0x000000070f300000, 0x00000007ab080000)
  object space 230400K, 96% used [0x0000000701200000,0x000000070eb6e740,0x000000070f300000)
 PSPermGen       total 21504K, used 8971K [0x00000006fc000000, 0x00000006fd500000, 0x0000000701200000)
  object space 21504K, 41% used [0x00000006fc000000,0x00000006fc8c2ed0,0x00000006fd500000)
}
Event: 702.997 GC heap before
{Heap before GC invocations=407 (full 1):
 PSYoungGen      total 49152K, used 49109K [0x00000007ab080000, 0x00000007ae900000, 0x0000000800000000)
  eden space 43520K, 100% used [0x00000007ab080000,0x00000007adb00000,0x00000007adb00000)
  from space 5632K, 99% used [0x00000007adb80000,0x00000007ae0f5540,0x00000007ae100000)
  to   space 7168K, 0% used [0x00000007ae200000,0x00000007ae200000,0x00000007ae900000)
 ParOldGen       total 230400K, used 222649K [0x0000000701200000, 0x000000070f300000, 0x00000007ab080000)
  object space 230400K, 96% used [0x0000000701200000,0x000000070eb6e740,0x000000070f300000)
 PSPermGen       total 21504K, used 8971K [0x00000006fc000000, 0x00000006fd500000, 0x0000000701200000)
  object space 21504K, 41% used [0x00000006fc000000,0x00000006fc8c2ed0,0x00000006fd500000)
Event: 703.001 GC heap after
Heap after GC invocations=407 (full 1):
 PSYoungGen      total 49664K, used 5514K [0x00000007ab080000, 0x00000007ae880000, 0x0000000800000000)
  eden space 43008K, 0% used [0x00000007ab080000,0x00000007ab080000,0x00000007ada80000)
  from space 6656K, 82% used [0x00000007ae200000,0x00000007ae762b30,0x00000007ae880000)
  to   space 7168K, 0% used [0x00000007ada80000,0x00000007ada80000,0x00000007ae180000)
 ParOldGen       total 230400K, used 223127K [0x0000000701200000, 0x000000070f300000, 0x00000007ab080000)
  object space 230400K, 96% used [0x0000000701200000,0x000000070ebe5c88,0x000000070f300000)
 PSPermGen       total 21504K, used 8971K [0x00000006fc000000, 0x00000006fd500000, 0x0000000701200000)
  object space 21504K, 41% used [0x00000006fc000000,0x00000006fc8c2ed0,0x00000006fd500000)
}
Event: 705.871 GC heap before
{Heap before GC invocations=408 (full 1):
 PSYoungGen      total 49664K, used 48522K [0x00000007ab080000, 0x00000007ae880000, 0x0000000800000000)
  eden space 43008K, 100% used [0x00000007ab080000,0x00000007ada80000,0x00000007ada80000)
  from space 6656K, 82% used [0x00000007ae200000,0x00000007ae762b30,0x00000007ae880000)
  to   space 7168K, 0% used [0x00000007ada80000,0x00000007ada80000,0x00000007ae180000)
 ParOldGen       total 230400K, used 223127K [0x0000000701200000, 0x000000070f300000, 0x00000007ab080000)
  object space 230400K, 96% used [0x0000000701200000,0x000000070ebe5c88,0x000000070f300000)
 PSPermGen       total 21504K, used 8971K [0x00000006fc000000, 0x00000006fd500000, 0x0000000701200000)
  object space 21504K, 41% used [0x00000006fc000000,0x00000006fc8c2ed0,0x00000006fd500000)
Event: 705.882 GC heap after
Heap after GC invocations=408 (full 1):
 PSYoungGen      total 48128K, used 5340K [0x00000007ab080000, 0x00000007ae800000, 0x0000000800000000)
  eden space 42496K, 0% used [0x00000007ab080000,0x00000007ab080000,0x00000007ada00000)
  from space 5632K, 94% used [0x00000007ada80000,0x00000007adfb72c8,0x00000007ae000000)
  to   space 7168K, 0% used [0x00000007ae100000,0x00000007ae100000,0x00000007ae800000)
 ParOldGen       total 230400K, used 223588K [0x0000000701200000, 0x000000070f300000, 0x00000007ab080000)
  object space 230400K, 97% used [0x0000000701200000,0x000000070ec591d0,0x000000070f300000)
 PSPermGen       total 21504K, used 8971K [0x00000006fc000000, 0x00000006fd500000, 0x0000000701200000)
  object space 21504K, 41% used [0x00000006fc000000,0x00000006fc8c2ed0,0x00000006fd500000)
}
Event: 707.894 GC heap before
{Heap before GC invocations=409 (full 1):
 PSYoungGen      total 48128K, used 47836K [0x00000007ab080000, 0x00000007ae800000, 0x0000000800000000)
  eden space 42496K, 100% used [0x00000007ab080000,0x00000007ada00000,0x00000007ada00000)
  from space 5632K, 94% used [0x00000007ada80000,0x00000007adfb72c8,0x00000007ae000000)
  to   space 7168K, 0% used [0x00000007ae100000,0x00000007ae100000,0x00000007ae800000)
 ParOldGen       total 230400K, used 223588K [0x0000000701200000, 0x000000070f300000, 0x00000007ab080000)
  object space 230400K, 97% used [0x0000000701200000,0x000000070ec591d0,0x000000070f300000)
 PSPermGen       total 21504K, used 8971K [0x00000006fc000000, 0x00000006fd500000, 0x0000000701200000)
  object space 21504K, 41% used [0x00000006fc000000,0x00000006fc8c2ed0,0x00000006fd500000)
Event: 707.909 GC heap after
Heap after GC invocations=409 (full 1):
 PSYoungGen      total 48640K, used 5387K [0x00000007ab080000, 0x00000007ae780000, 0x0000000800000000)
  eden space 41984K, 0% used [0x00000007ab080000,0x00000007ab080000,0x00000007ad980000)
  from space 6656K, 80% used [0x00000007ae100000,0x00000007ae642c00,0x00000007ae780000)
  to   space 7168K, 0% used [0x00000007ad980000,0x00000007ad980000,0x00000007ae080000)
 ParOldGen       total 230400K, used 224028K [0x0000000701200000, 0x000000070f300000, 0x00000007ab080000)
  object space 230400K, 97% used [0x0000000701200000,0x000000070ecc71d0,0x000000070f300000)
 PSPermGen       total 21504K, used 8971K [0x00000006fc000000, 0x00000006fd500000, 0x0000000701200000)
  object space 21504K, 41% used [0x00000006fc000000,0x00000006fc8c2ed0,0x00000006fd500000)
}
Event: 709.833 GC heap before
{Heap before GC invocations=410 (full 1):
 PSYoungGen      total 48640K, used 47371K [0x00000007ab080000, 0x00000007ae780000, 0x0000000800000000)
  eden space 41984K, 100% used [0x00000007ab080000,0x00000007ad980000,0x00000007ad980000)
  from space 6656K, 80% used [0x00000007ae100000,0x00000007ae642c00,0x00000007ae780000)
  to   space 7168K, 0% used [0x00000007ad980000,0x00000007ad980000,0x00000007ae080000)
 ParOldGen       total 230400K, used 224028K [0x0000000701200000, 0x000000070f300000, 0x00000007ab080000)
  object space 230400K, 97% used [0x0000000701200000,0x000000070ecc71d0,0x000000070f300000)
 PSPermGen       total 21504K, used 8971K [0x00000006fc000000, 0x00000006fd500000, 0x0000000701200000)
  object space 21504K, 41% used [0x00000006fc000000,0x00000006fc8c2ed0,0x00000006fd500000)
Event: 709.836 GC heap after
Heap after GC invocations=410 (full 1):
 PSYoungGen      total 47104K, used 5312K [0x00000007ab080000, 0x00000007ae700000, 0x0000000800000000)
  eden space 41472K, 0% used [0x00000007ab080000,0x00000007ab080000,0x00000007ad900000)
  from space 5632K, 94% used [0x00000007ad980000,0x00000007adeb01b0,0x00000007adf00000)
  to   space 7168K, 0% used [0x00000007ae000000,0x00000007ae000000,0x00000007ae700000)
 ParOldGen       total 230400K, used 224497K [0x0000000701200000, 0x000000070f300000, 0x00000007ab080000)
  object space 230400K, 97% used [0x0000000701200000,0x000000070ed3c6d8,0x000000070f300000)
 PSPermGen       total 21504K, used 8971K [0x00000006fc000000, 0x00000006fd500000, 0x0000000701200000)
  object space 21504K, 41% used [0x00000006fc000000,0x00000006fc8c2ed0,0x00000006fd500000)
}

