# JRE version: Java(TM) SE Runtime Environment (7.0_79-b15) (build 1.7.0_79-b15)
# Java VM: Java HotSpot(TM) 64-Bit Server VM (24.79-b02 mixed mode windows-amd64 compressed oops)
Heap
 PSYoungGen      total 76288K, used 57819K [0x00000007ab080000, 0x00000007b0580000, 0x0000000800000000)
  eden space 65536K, 71% used [0x00000007ab080000,0x00000007ade7a2a8,0x00000007af080000)
  from space 10752K, 99% used [0x00000007afb00000,0x00000007b057cd48,0x00000007b0580000)
  to   space 10752K, 0% used [0x00000007af080000,0x00000007af080000,0x00000007afb00000)
 ParOldGen       total 173568K, used 6632K [0x0000000701200000, 0x000000070bb80000, 0x00000007ab080000)
  object space 173568K, 3% used [0x0000000701200000,0x000000070187a010,0x000000070bb80000)
 PSPermGen       total 21504K, used 8607K [0x00000006fc000000, 0x00000006fd500000, 0x0000000701200000)
  object space 21504K, 40% used [0x00000006fc000000,0x00000006fc867fa0,0x00000006fd500000)
GC Heap History (8 events):
Event: 10.218 GC heap before
{Heap before GC invocations=1 (full 0):
 PSYoungGen      total 76288K, used 65536K [0x00000007ab080000, 0x00000007b0580000, 0x0000000800000000)
  eden space 65536K, 100% used [0x00000007ab080000,0x00000007af080000,0x00000007af080000)
  from space 10752K, 0% used [0x00000007afb00000,0x00000007afb00000,0x00000007b0580000)
  to   space 10752K, 0% used [0x00000007af080000,0x00000007af080000,0x00000007afb00000)
 ParOldGen       total 173568K, used 0K [0x0000000701200000, 0x000000070bb80000, 0x00000007ab080000)
  object space 173568K, 0% used [0x0000000701200000,0x0000000701200000,0x000000070bb80000)
 PSPermGen       total 21504K, used 8424K [0x00000006fc000000, 0x00000006fd500000, 0x0000000701200000)
  object space 21504K, 39% used [0x00000006fc000000,0x00000006fc83a1d8,0x00000006fd500000)
Event: 10.246 GC heap after
Heap after GC invocations=1 (full 0):
 PSYoungGen      total 76288K, used 8222K [0x00000007ab080000, 0x00000007b0580000, 0x0000000800000000)
  eden space 65536K, 0% used [0x00000007ab080000,0x00000007ab080000,0x00000007af080000)
  from space 10752K, 76% used [0x00000007af080000,0x00000007af887a08,0x00000007afb00000)
  to   space 10752K, 0% used [0x00000007afb00000,0x00000007afb00000,0x00000007b0580000)
 ParOldGen       total 173568K, used 48K [0x0000000701200000, 0x000000070bb80000, 0x00000007ab080000)
  object space 173568K, 0% used [0x0000000701200000,0x000000070120c010,0x000000070bb80000)
 PSPermGen       total 21504K, used 8424K [0x00000006fc000000, 0x00000006fd500000, 0x0000000701200000)
  object space 21504K, 39% used [0x00000006fc000000,0x00000006fc83a1d8,0x00000006fd500000)
}
Event: 22.419 GC heap before
{Heap before GC invocations=2 (full 0):
 PSYoungGen      total 76288K, used 73758K [0x00000007ab080000, 0x00000007b0580000, 0x0000000800000000)
  eden space 65536K, 100% used [0x00000007ab080000,0x00000007af080000,0x00000007af080000)
  from space 10752K, 76% used [0x00000007af080000,0x00000007af887a08,0x00000007afb00000)
  to   space 10752K, 0% used [0x00000007afb00000,0x00000007afb00000,0x00000007b0580000)
 ParOldGen       total 173568K, used 48K [0x0000000701200000, 0x000000070bb80000, 0x00000007ab080000)
  object space 173568K, 0% used [0x0000000701200000,0x000000070120c010,0x000000070bb80000)
 PSPermGen       total 21504K, used 8559K [0x00000006fc000000, 0x00000006fd500000, 0x0000000701200000)
  object space 21504K, 39% used [0x00000006fc000000,0x00000006fc85bda8,0x00000006fd500000)
Event: 22.428 GC heap after
Heap after GC invocations=2 (full 0):
 PSYoungGen      total 76288K, used 9262K [0x00000007ab080000, 0x00000007b0580000, 0x0000000800000000)
  eden space 65536K, 0% used [0x00000007ab080000,0x00000007ab080000,0x00000007af080000)
  from space 10752K, 86% used [0x00000007afb00000,0x00000007b040b860,0x00000007b0580000)
  to   space 10752K, 0% used [0x00000007af080000,0x00000007af080000,0x00000007afb00000)
 ParOldGen       total 173568K, used 56K [0x0000000701200000, 0x000000070bb80000, 0x00000007ab080000)
  object space 173568K, 0% used [0x0000000701200000,0x000000070120e010,0x000000070bb80000)
 PSPermGen       total 21504K, used 8559K [0x00000006fc000000, 0x00000006fd500000, 0x0000000701200000)
  object space 21504K, 39% used [0x00000006fc000000,0x00000006fc85bda8,0x00000006fd500000)
}
Event: 33.200 GC heap before
{Heap before GC invocations=3 (full 0):
 PSYoungGen      total 76288K, used 74798K [0x00000007ab080000, 0x00000007b0580000, 0x0000000800000000)
  eden space 65536K, 100% used [0x00000007ab080000,0x00000007af080000,0x00000007af080000)
  from space 10752K, 86% used [0x00000007afb00000,0x00000007b040b860,0x00000007b0580000)
  to   space 10752K, 0% used [0x00000007af080000,0x00000007af080000,0x00000007afb00000)
 ParOldGen       total 173568K, used 56K [0x0000000701200000, 0x000000070bb80000, 0x00000007ab080000)
  object space 173568K, 0% used [0x0000000701200000,0x000000070120e010,0x000000070bb80000)
 PSPermGen       total 21504K, used 8569K [0x00000006fc000000, 0x00000006fd500000, 0x0000000701200000)
  object space 21504K, 39% used [0x00000006fc000000,0x00000006fc85e530,0x00000006fd500000)
Event: 33.210 GC heap after
Heap after GC invocations=3 (full 0):
 PSYoungGen      total 76288K, used 10742K [0x00000007ab080000, 0x00000007b0580000, 0x0000000800000000)
  eden space 65536K, 0% used [0x00000007ab080000,0x00000007ab080000,0x00000007af080000)
  from space 10752K, 99% used [0x00000007af080000,0x00000007afafd920,0x00000007afb00000)
  to   space 10752K, 0% used [0x00000007afb00000,0x00000007afb00000,0x00000007b0580000)
 ParOldGen       total 173568K, used 2384K [0x0000000701200000, 0x000000070bb80000, 0x00000007ab080000)
  object space 173568K, 1% used [0x0000000701200000,0x0000000701454010,0x000000070bb80000)
 PSPermGen       total 21504K, used 8569K [0x00000006fc000000, 0x00000006fd500000, 0x0000000701200000)
  object space 21504K, 39% used [0x00000006fc000000,0x00000006fc85e530,0x00000006fd500000)
}
Event: 42.505 GC heap before
{Heap before GC invocations=4 (full 0):
 PSYoungGen      total 76288K, used 76278K [0x00000007ab080000, 0x00000007b0580000, 0x0000000800000000)
  eden space 65536K, 100% used [0x00000007ab080000,0x00000007af080000,0x00000007af080000)
  from space 10752K, 99% used [0x00000007af080000,0x00000007afafd920,0x00000007afb00000)
  to   space 10752K, 0% used [0x00000007afb00000,0x00000007afb00000,0x00000007b0580000)
 ParOldGen       total 173568K, used 2384K [0x0000000701200000, 0x000000070bb80000, 0x00000007ab080000)
  object space 173568K, 1% used [0x0000000701200000,0x0000000701454010,0x000000070bb80000)
 PSPermGen       total 21504K, used 8592K [0x00000006fc000000, 0x00000006fd500000, 0x0000000701200000)
  object space 21504K, 39% used [0x00000006fc000000,0x00000006fc864140,0x00000006fd500000)
Event: 42.516 GC heap after
Heap after GC invocations=4 (full 0):
 PSYoungGen      total 76288K, used 10739K [0x00000007ab080000, 0x00000007b0580000, 0x0000000800000000)
  eden space 65536K, 0% used [0x00000007ab080000,0x00000007ab080000,0x00000007af080000)
  from space 10752K, 99% used [0x00000007afb00000,0x00000007b057cd48,0x00000007b0580000)
  to   space 10752K, 0% used [0x00000007af080000,0x00000007af080000,0x00000007afb00000)
 ParOldGen       total 173568K, used 6632K [0x0000000701200000, 0x000000070bb80000, 0x00000007ab080000)
  object space 173568K, 3% used [0x0000000701200000,0x000000070187a010,0x000000070bb80000)
 PSPermGen       total 21504K, used 8592K [0x00000006fc000000, 0x00000006fd500000, 0x0000000701200000)
  object space 21504K, 39% used [0x00000006fc000000,0x00000006fc864140,0x00000006fd500000)
}

