# JRE version: Java(TM) SE Runtime Environment (7.0_79-b15) (build 1.7.0_79-b15)
# Java VM: Java HotSpot(TM) 64-Bit Server VM (24.79-b02 mixed mode windows-amd64 compressed oops)
Heap
 PSYoungGen      total 44544K, used 30817K [0x00000007ab080000, 0x00000007ae300000, 0x0000000800000000)
  eden space 39424K, 65% used [0x00000007ab080000,0x00000007ac9a5778,0x00000007ad700000)
  from space 5120K, 98% used [0x00000007ad780000,0x00000007adc72da0,0x00000007adc80000)
  to   space 6144K, 0% used [0x00000007add00000,0x00000007add00000,0x00000007ae300000)
 ParOldGen       total 279552K, used 198677K [0x0000000701200000, 0x0000000712300000, 0x00000007ab080000)
  object space 279552K, 71% used [0x0000000701200000,0x000000070d405680,0x0000000712300000)
 PSPermGen       total 21504K, used 8961K [0x00000006fc000000, 0x00000006fd500000, 0x0000000701200000)
  object space 21504K, 41% used [0x00000006fc000000,0x00000006fc8c0598,0x00000006fd500000)
GC Heap History (10 events):
Event: 683.172 GC heap before
{Heap before GC invocations=407 (full 2):
 PSYoungGen      total 47104K, used 46752K [0x00000007ab080000, 0x00000007ae500000, 0x0000000800000000)
  eden space 41472K, 100% used [0x00000007ab080000,0x00000007ad900000,0x00000007ad900000)
  from space 5632K, 93% used [0x00000007adf80000,0x00000007ae4a81b0,0x00000007ae500000)
  to   space 6144K, 0% used [0x00000007ad900000,0x00000007ad900000,0x00000007adf00000)
 ParOldGen       total 279552K, used 196504K [0x0000000701200000, 0x0000000712300000, 0x00000007ab080000)
  object space 279552K, 70% used [0x0000000701200000,0x000000070d1e6220,0x0000000712300000)
 PSPermGen       total 21504K, used 8961K [0x00000006fc000000, 0x00000006fd500000, 0x0000000701200000)
  object space 21504K, 41% used [0x00000006fc000000,0x00000006fc8c0598,0x00000006fd500000)
Event: 683.191 GC heap after
Heap after GC invocations=407 (full 2):
 PSYoungGen      total 46592K, used 5227K [0x00000007ab080000, 0x00000007ae480000, 0x0000000800000000)
  eden space 40960K, 0% used [0x00000007ab080000,0x00000007ab080000,0x00000007ad880000)
  from space 5632K, 92% used [0x00000007ad900000,0x00000007ade1ac68,0x00000007ade80000)
  to   space 6144K, 0% used [0x00000007ade80000,0x00000007ade80000,0x00000007ae480000)
 ParOldGen       total 279552K, used 196957K [0x0000000701200000, 0x0000000712300000, 0x00000007ab080000)
  object space 279552K, 70% used [0x0000000701200000,0x000000070d257728,0x0000000712300000)
 PSPermGen       total 21504K, used 8961K [0x00000006fc000000, 0x00000006fd500000, 0x0000000701200000)
  object space 21504K, 41% used [0x00000006fc000000,0x00000006fc8c0598,0x00000006fd500000)
}
Event: 685.713 GC heap before
{Heap before GC invocations=408 (full 2):
 PSYoungGen      total 46592K, used 46187K [0x00000007ab080000, 0x00000007ae480000, 0x0000000800000000)
  eden space 40960K, 99% used [0x00000007ab080000,0x00000007ad87fff0,0x00000007ad880000)
  from space 5632K, 92% used [0x00000007ad900000,0x00000007ade1ac68,0x00000007ade80000)
  to   space 6144K, 0% used [0x00000007ade80000,0x00000007ade80000,0x00000007ae480000)
 ParOldGen       total 279552K, used 196957K [0x0000000701200000, 0x0000000712300000, 0x00000007ab080000)
  object space 279552K, 70% used [0x0000000701200000,0x000000070d257728,0x0000000712300000)
 PSPermGen       total 21504K, used 8961K [0x00000006fc000000, 0x00000006fd500000, 0x0000000701200000)
  object space 21504K, 41% used [0x00000006fc000000,0x00000006fc8c0598,0x00000006fd500000)
Event: 685.732 GC heap after
Heap after GC invocations=408 (full 2):
 PSYoungGen      total 47104K, used 5227K [0x00000007ab080000, 0x00000007ae980000, 0x0000000800000000)
  eden space 40960K, 0% used [0x00000007ab080000,0x00000007ab080000,0x00000007ad880000)
  from space 6144K, 85% used [0x00000007ade80000,0x00000007ae39ac50,0x00000007ae480000)
  to   space 6144K, 0% used [0x00000007ad880000,0x00000007ad880000,0x00000007ade80000)
 ParOldGen       total 279552K, used 197373K [0x0000000701200000, 0x0000000712300000, 0x00000007ab080000)
  object space 279552K, 70% used [0x0000000701200000,0x000000070d2bf728,0x0000000712300000)
 PSPermGen       total 21504K, used 8961K [0x00000006fc000000, 0x00000006fd500000, 0x0000000701200000)
  object space 21504K, 41% used [0x00000006fc000000,0x00000006fc8c0598,0x00000006fd500000)
}
Event: 688.072 GC heap before
{Heap before GC invocations=409 (full 2):
 PSYoungGen      total 47104K, used 46187K [0x00000007ab080000, 0x00000007ae980000, 0x0000000800000000)
  eden space 40960K, 100% used [0x00000007ab080000,0x00000007ad880000,0x00000007ad880000)
  from space 6144K, 85% used [0x00000007ade80000,0x00000007ae39ac50,0x00000007ae480000)
  to   space 6144K, 0% used [0x00000007ad880000,0x00000007ad880000,0x00000007ade80000)
 ParOldGen       total 279552K, used 197373K [0x0000000701200000, 0x0000000712300000, 0x00000007ab080000)
  object space 279552K, 70% used [0x0000000701200000,0x000000070d2bf728,0x0000000712300000)
 PSPermGen       total 21504K, used 8961K [0x00000006fc000000, 0x00000006fd500000, 0x0000000701200000)
  object space 21504K, 41% used [0x00000006fc000000,0x00000006fc8c0598,0x00000006fd500000)
Event: 688.080 GC heap after
Heap after GC invocations=409 (full 2):
 PSYoungGen      total 46080K, used 5184K [0x00000007ab080000, 0x00000007ae400000, 0x0000000800000000)
  eden space 40448K, 0% used [0x00000007ab080000,0x00000007ab080000,0x00000007ad800000)
  from space 5632K, 92% used [0x00000007ad880000,0x00000007add90240,0x00000007ade00000)
  to   space 6144K, 0% used [0x00000007ade00000,0x00000007ade00000,0x00000007ae400000)
 ParOldGen       total 279552K, used 197811K [0x0000000701200000, 0x0000000712300000, 0x00000007ab080000)
  object space 279552K, 70% used [0x0000000701200000,0x000000070d32cc70,0x0000000712300000)
 PSPermGen       total 21504K, used 8961K [0x00000006fc000000, 0x00000006fd500000, 0x0000000701200000)
  object space 21504K, 41% used [0x00000006fc000000,0x00000006fc8c0598,0x00000006fd500000)
}
Event: 690.023 GC heap before
{Heap before GC invocations=410 (full 2):
 PSYoungGen      total 46080K, used 45632K [0x00000007ab080000, 0x00000007ae400000, 0x0000000800000000)
  eden space 40448K, 100% used [0x00000007ab080000,0x00000007ad800000,0x00000007ad800000)
  from space 5632K, 92% used [0x00000007ad880000,0x00000007add90240,0x00000007ade00000)
  to   space 6144K, 0% used [0x00000007ade00000,0x00000007ade00000,0x00000007ae400000)
 ParOldGen       total 279552K, used 197811K [0x0000000701200000, 0x0000000712300000, 0x00000007ab080000)
  object space 279552K, 70% used [0x0000000701200000,0x000000070d32cc70,0x0000000712300000)
 PSPermGen       total 21504K, used 8961K [0x00000006fc000000, 0x00000006fd500000, 0x0000000701200000)
  object space 21504K, 41% used [0x00000006fc000000,0x00000006fc8c0598,0x00000006fd500000)
Event: 690.036 GC heap after
Heap after GC invocations=410 (full 2):
 PSYoungGen      total 45568K, used 5152K [0x00000007ab080000, 0x00000007ae380000, 0x0000000800000000)
  eden space 39936K, 0% used [0x00000007ab080000,0x00000007ab080000,0x00000007ad780000)
  from space 5632K, 91% used [0x00000007ade00000,0x00000007ae308240,0x00000007ae380000)
  to   space 6144K, 0% used [0x00000007ad780000,0x00000007ad780000,0x00000007add80000)
 ParOldGen       total 279552K, used 198248K [0x0000000701200000, 0x0000000712300000, 0x00000007ab080000)
  object space 279552K, 70% used [0x0000000701200000,0x000000070d39a178,0x0000000712300000)
 PSPermGen       total 21504K, used 8961K [0x00000006fc000000, 0x00000006fd500000, 0x0000000701200000)
  object space 21504K, 41% used [0x00000006fc000000,0x00000006fc8c0598,0x00000006fd500000)
}
Event: 691.820 GC heap before
{Heap before GC invocations=411 (full 2):
 PSYoungGen      total 45568K, used 45088K [0x00000007ab080000, 0x00000007ae380000, 0x0000000800000000)
  eden space 39936K, 100% used [0x00000007ab080000,0x00000007ad780000,0x00000007ad780000)
  from space 5632K, 91% used [0x00000007ade00000,0x00000007ae308240,0x00000007ae380000)
  to   space 6144K, 0% used [0x00000007ad780000,0x00000007ad780000,0x00000007add80000)
 ParOldGen       total 279552K, used 198248K [0x0000000701200000, 0x0000000712300000, 0x00000007ab080000)
  object space 279552K, 70% used [0x0000000701200000,0x000000070d39a178,0x0000000712300000)
 PSPermGen       total 21504K, used 8961K [0x00000006fc000000, 0x00000006fd500000, 0x0000000701200000)
  object space 21504K, 41% used [0x00000006fc000000,0x00000006fc8c0598,0x00000006fd500000)
Event: 691.825 GC heap after
Heap after GC invocations=411 (full 2):
 PSYoungGen      total 44544K, used 5067K [0x00000007ab080000, 0x00000007ae300000, 0x0000000800000000)
  eden space 39424K, 0% used [0x00000007ab080000,0x00000007ab080000,0x00000007ad700000)
  from space 5120K, 98% used [0x00000007ad780000,0x00000007adc72da0,0x00000007adc80000)
  to   space 6144K, 0% used [0x00000007add00000,0x00000007add00000,0x00000007ae300000)
 ParOldGen       total 279552K, used 198677K [0x0000000701200000, 0x0000000712300000, 0x00000007ab080000)
  object space 279552K, 71% used [0x0000000701200000,0x000000070d405680,0x0000000712300000)
 PSPermGen       total 21504K, used 8961K [0x00000006fc000000, 0x00000006fd500000, 0x0000000701200000)
  object space 21504K, 41% used [0x00000006fc000000,0x00000006fc8c0598,0x00000006fd500000)
}

