# JRE version: Java(TM) SE Runtime Environment (7.0_79-b15) (build 1.7.0_79-b15)
# Java VM: Java HotSpot(TM) 64-Bit Server VM (24.79-b02 mixed mode windows-amd64 compressed oops)
Heap
 PSYoungGen      total 72704K, used 40894K [0x00000007ab080000, 0x00000007b0980000, 0x0000000800000000)
  eden space 59904K, 46% used [0x00000007ab080000,0x00000007acbf2b20,0x00000007aeb00000)
  from space 12800K, 99% used [0x00000007afa00000,0x00000007b067cd18,0x00000007b0680000)
  to   space 15360K, 0% used [0x00000007aeb00000,0x00000007aeb00000,0x00000007afa00000)
 ParOldGen       total 173568K, used 4584K [0x0000000701200000, 0x000000070bb80000, 0x00000007ab080000)
  object space 173568K, 2% used [0x0000000701200000,0x000000070167a1d0,0x000000070bb80000)
 PSPermGen       total 21504K, used 8663K [0x00000006fc000000, 0x00000006fd500000, 0x0000000701200000)
  object space 21504K, 40% used [0x00000006fc000000,0x00000006fc875f28,0x00000006fd500000)
GC Heap History (10 events):
Event: 19.769 GC heap before
{Heap before GC invocations=4 (full 0):
 PSYoungGen      total 76288K, used 74543K [0x00000007ab080000, 0x00000007b0580000, 0x0000000800000000)
  eden space 65536K, 100% used [0x00000007ab080000,0x00000007af080000,0x00000007af080000)
  from space 10752K, 83% used [0x00000007af080000,0x00000007af94bca0,0x00000007afb00000)
  to   space 10752K, 0% used [0x00000007afb00000,0x00000007afb00000,0x00000007b0580000)
 ParOldGen       total 173568K, used 24K [0x0000000701200000, 0x000000070bb80000, 0x00000007ab080000)
  object space 173568K, 0% used [0x0000000701200000,0x0000000701206000,0x000000070bb80000)
 PSPermGen       total 21504K, used 7526K [0x00000006fc000000, 0x00000006fd500000, 0x0000000701200000)
  object space 21504K, 34% used [0x00000006fc000000,0x00000006fc759870,0x00000006fd500000)
Event: 19.794 GC heap after
Heap after GC invocations=4 (full 0):
 PSYoungGen      total 76288K, used 9519K [0x00000007ab080000, 0x00000007b0580000, 0x0000000800000000)
  eden space 65536K, 0% used [0x00000007ab080000,0x00000007ab080000,0x00000007af080000)
  from space 10752K, 88% used [0x00000007afb00000,0x00000007b044bdc8,0x00000007b0580000)
  to   space 10752K, 0% used [0x00000007af080000,0x00000007af080000,0x00000007afb00000)
 ParOldGen       total 173568K, used 32K [0x0000000701200000, 0x000000070bb80000, 0x00000007ab080000)
  object space 173568K, 0% used [0x0000000701200000,0x0000000701208000,0x000000070bb80000)
 PSPermGen       total 21504K, used 7526K [0x00000006fc000000, 0x00000006fd500000, 0x0000000701200000)
  object space 21504K, 34% used [0x00000006fc000000,0x00000006fc759870,0x00000006fd500000)
}
Event: 24.894 GC heap before
{Heap before GC invocations=5 (full 0):
 PSYoungGen      total 76288K, used 75055K [0x00000007ab080000, 0x00000007b0580000, 0x0000000800000000)
  eden space 65536K, 100% used [0x00000007ab080000,0x00000007af080000,0x00000007af080000)
  from space 10752K, 88% used [0x00000007afb00000,0x00000007b044bdc8,0x00000007b0580000)
  to   space 10752K, 0% used [0x00000007af080000,0x00000007af080000,0x00000007afb00000)
 ParOldGen       total 173568K, used 32K [0x0000000701200000, 0x000000070bb80000, 0x00000007ab080000)
  object space 173568K, 0% used [0x0000000701200000,0x0000000701208000,0x000000070bb80000)
 PSPermGen       total 21504K, used 7929K [0x00000006fc000000, 0x00000006fd500000, 0x0000000701200000)
  object space 21504K, 36% used [0x00000006fc000000,0x00000006fc7be468,0x00000006fd500000)
Event: 24.902 GC heap after
Heap after GC invocations=5 (full 0):
 PSYoungGen      total 74752K, used 10501K [0x00000007ab080000, 0x00000007b0500000, 0x0000000800000000)
  eden space 64000K, 0% used [0x00000007ab080000,0x00000007ab080000,0x00000007aef00000)
  from space 10752K, 97% used [0x00000007af080000,0x00000007afac15c8,0x00000007afb00000)
  to   space 10240K, 0% used [0x00000007afb00000,0x00000007afb00000,0x00000007b0500000)
 ParOldGen       total 173568K, used 40K [0x0000000701200000, 0x000000070bb80000, 0x00000007ab080000)
  object space 173568K, 0% used [0x0000000701200000,0x000000070120a000,0x000000070bb80000)
 PSPermGen       total 21504K, used 7929K [0x00000006fc000000, 0x00000006fd500000, 0x0000000701200000)
  object space 21504K, 36% used [0x00000006fc000000,0x00000006fc7be468,0x00000006fd500000)
}
Event: 35.613 GC heap before
{Heap before GC invocations=6 (full 0):
 PSYoungGen      total 74752K, used 74501K [0x00000007ab080000, 0x00000007b0500000, 0x0000000800000000)
  eden space 64000K, 100% used [0x00000007ab080000,0x00000007aef00000,0x00000007aef00000)
  from space 10752K, 97% used [0x00000007af080000,0x00000007afac15c8,0x00000007afb00000)
  to   space 10240K, 0% used [0x00000007afb00000,0x00000007afb00000,0x00000007b0500000)
 ParOldGen       total 173568K, used 40K [0x0000000701200000, 0x000000070bb80000, 0x00000007ab080000)
  object space 173568K, 0% used [0x0000000701200000,0x000000070120a000,0x000000070bb80000)
 PSPermGen       total 21504K, used 8526K [0x00000006fc000000, 0x00000006fd500000, 0x0000000701200000)
  object space 21504K, 39% used [0x00000006fc000000,0x00000006fc853940,0x00000006fd500000)
Event: 35.620 GC heap after
Heap after GC invocations=6 (full 0):
 PSYoungGen      total 72704K, used 10044K [0x00000007ab080000, 0x00000007b0500000, 0x0000000800000000)
  eden space 62464K, 0% used [0x00000007ab080000,0x00000007ab080000,0x00000007aed80000)
  from space 10240K, 98% used [0x00000007afb00000,0x00000007b04cf0a0,0x00000007b0500000)
  to   space 11264K, 0% used [0x00000007aef00000,0x00000007aef00000,0x00000007afa00000)
 ParOldGen       total 173568K, used 80K [0x0000000701200000, 0x000000070bb80000, 0x00000007ab080000)
  object space 173568K, 0% used [0x0000000701200000,0x0000000701214010,0x000000070bb80000)
 PSPermGen       total 21504K, used 8526K [0x00000006fc000000, 0x00000006fd500000, 0x0000000701200000)
  object space 21504K, 39% used [0x00000006fc000000,0x00000006fc853940,0x00000006fd500000)
}
Event: 46.235 GC heap before
{Heap before GC invocations=7 (full 0):
 PSYoungGen      total 72704K, used 72508K [0x00000007ab080000, 0x00000007b0500000, 0x0000000800000000)
  eden space 62464K, 100% used [0x00000007ab080000,0x00000007aed80000,0x00000007aed80000)
  from space 10240K, 98% used [0x00000007afb00000,0x00000007b04cf0a0,0x00000007b0500000)
  to   space 11264K, 0% used [0x00000007aef00000,0x00000007aef00000,0x00000007afa00000)
 ParOldGen       total 173568K, used 80K [0x0000000701200000, 0x000000070bb80000, 0x00000007ab080000)
  object space 173568K, 0% used [0x0000000701200000,0x0000000701214010,0x000000070bb80000)
 PSPermGen       total 21504K, used 8552K [0x00000006fc000000, 0x00000006fd500000, 0x0000000701200000)
  object space 21504K, 39% used [0x00000006fc000000,0x00000006fc85a010,0x00000006fd500000)
Event: 46.241 GC heap after
Heap after GC invocations=7 (full 0):
 PSYoungGen      total 72704K, used 11238K [0x00000007ab080000, 0x00000007b0680000, 0x0000000800000000)
  eden space 61440K, 0% used [0x00000007ab080000,0x00000007ab080000,0x00000007aec80000)
  from space 11264K, 99% used [0x00000007aef00000,0x00000007af9f9b50,0x00000007afa00000)
  to   space 12800K, 0% used [0x00000007afa00000,0x00000007afa00000,0x00000007b0680000)
 ParOldGen       total 173568K, used 2230K [0x0000000701200000, 0x000000070bb80000, 0x00000007ab080000)
  object space 173568K, 1% used [0x0000000701200000,0x000000070142d920,0x000000070bb80000)
 PSPermGen       total 21504K, used 8552K [0x00000006fc000000, 0x00000006fd500000, 0x0000000701200000)
  object space 21504K, 39% used [0x00000006fc000000,0x00000006fc85a010,0x00000006fd500000)
}
Event: 52.932 GC heap before
{Heap before GC invocations=8 (full 0):
 PSYoungGen      total 72704K, used 72678K [0x00000007ab080000, 0x00000007b0680000, 0x0000000800000000)
  eden space 61440K, 100% used [0x00000007ab080000,0x00000007aec80000,0x00000007aec80000)
  from space 11264K, 99% used [0x00000007aef00000,0x00000007af9f9b50,0x00000007afa00000)
  to   space 12800K, 0% used [0x00000007afa00000,0x00000007afa00000,0x00000007b0680000)
 ParOldGen       total 173568K, used 2230K [0x0000000701200000, 0x000000070bb80000, 0x00000007ab080000)
  object space 173568K, 1% used [0x0000000701200000,0x000000070142d920,0x000000070bb80000)
 PSPermGen       total 21504K, used 8658K [0x00000006fc000000, 0x00000006fd500000, 0x0000000701200000)
  object space 21504K, 40% used [0x00000006fc000000,0x00000006fc874920,0x00000006fd500000)
Event: 52.940 GC heap after
Heap after GC invocations=8 (full 0):
 PSYoungGen      total 72704K, used 12787K [0x00000007ab080000, 0x00000007b0980000, 0x0000000800000000)
  eden space 59904K, 0% used [0x00000007ab080000,0x00000007ab080000,0x00000007aeb00000)
  from space 12800K, 99% used [0x00000007afa00000,0x00000007b067cd18,0x00000007b0680000)
  to   space 15360K, 0% used [0x00000007aeb00000,0x00000007aeb00000,0x00000007afa00000)
 ParOldGen       total 173568K, used 4584K [0x0000000701200000, 0x000000070bb80000, 0x00000007ab080000)
  object space 173568K, 2% used [0x0000000701200000,0x000000070167a1d0,0x000000070bb80000)
 PSPermGen       total 21504K, used 8658K [0x00000006fc000000, 0x00000006fd500000, 0x0000000701200000)
  object space 21504K, 40% used [0x00000006fc000000,0x00000006fc874920,0x00000006fd500000)
}

