# JRE version: Java(TM) SE Runtime Environment (7.0_79-b15) (build 1.7.0_79-b15)
# Java VM: Java HotSpot(TM) 64-Bit Server VM (24.79-b02 mixed mode windows-amd64 compressed oops)
Heap
 PSYoungGen      total 49152K, used 45966K [0x00000007ab080000, 0x00000007ae800000, 0x0000000800000000)
  eden space 43520K, 92% used [0x00000007ab080000,0x00000007ad7eb958,0x00000007adb00000)
  from space 5632K, 99% used [0x00000007adc00000,0x00000007ae178038,0x00000007ae180000)
  to   space 6656K, 0% used [0x00000007ae180000,0x00000007ae180000,0x00000007ae800000)
 ParOldGen       total 491008K, used 447662K [0x0000000701200000, 0x000000071f180000, 0x00000007ab080000)
  object space 491008K, 91% used [0x0000000701200000,0x000000071c72b9d8,0x000000071f180000)
 PSPermGen       total 21504K, used 9064K [0x00000006fc000000, 0x00000006fd500000, 0x0000000701200000)
  object space 21504K, 42% used [0x00000006fc000000,0x00000006fc8da118,0x00000006fd500000)
GC Heap History (10 events):
Event: 1247.616 GC heap before
{Heap before GC invocations=1131 (full 6):
 PSYoungGen      total 44032K, used 43841K [0x00000007ab080000, 0x00000007ae180000, 0x0000000800000000)
  eden space 39424K, 100% used [0x00000007ab080000,0x00000007ad700000,0x00000007ad700000)
  from space 4608K, 95% used [0x00000007add00000,0x00000007ae1506d0,0x00000007ae180000)
  to   space 5120K, 0% used [0x00000007ad780000,0x00000007ad780000,0x00000007adc80000)
 ParOldGen       total 491008K, used 445190K [0x0000000701200000, 0x000000071f180000, 0x00000007ab080000)
  object space 491008K, 90% used [0x0000000701200000,0x000000071c4c1b30,0x000000071f180000)
 PSPermGen       total 21504K, used 9064K [0x00000006fc000000, 0x00000006fd500000, 0x0000000701200000)
  object space 21504K, 42% used [0x00000006fc000000,0x00000006fc8da118,0x00000006fd500000)
Event: 1247.620 GC heap after
Heap after GC invocations=1131 (full 6):
 PSYoungGen      total 45056K, used 5067K [0x00000007ab080000, 0x00000007ae780000, 0x0000000800000000)
  eden space 39936K, 0% used [0x00000007ab080000,0x00000007ab080000,0x00000007ad780000)
  from space 5120K, 98% used [0x00000007ad780000,0x00000007adc72da0,0x00000007adc80000)
  to   space 5632K, 0% used [0x00000007ae200000,0x00000007ae200000,0x00000007ae780000)
 ParOldGen       total 491008K, used 445564K [0x0000000701200000, 0x000000071f180000, 0x00000007ab080000)
  object space 491008K, 90% used [0x0000000701200000,0x000000071c51f038,0x000000071f180000)
 PSPermGen       total 21504K, used 9064K [0x00000006fc000000, 0x00000006fd500000, 0x0000000701200000)
  object space 21504K, 42% used [0x00000006fc000000,0x00000006fc8da118,0x00000006fd500000)
}
Event: 1248.732 GC heap before
{Heap before GC invocations=1132 (full 6):
 PSYoungGen      total 45056K, used 45003K [0x00000007ab080000, 0x00000007ae780000, 0x0000000800000000)
  eden space 39936K, 100% used [0x00000007ab080000,0x00000007ad780000,0x00000007ad780000)
  from space 5120K, 98% used [0x00000007ad780000,0x00000007adc72da0,0x00000007adc80000)
  to   space 5632K, 0% used [0x00000007ae200000,0x00000007ae200000,0x00000007ae780000)
 ParOldGen       total 491008K, used 445564K [0x0000000701200000, 0x000000071f180000, 0x00000007ab080000)
  object space 491008K, 90% used [0x0000000701200000,0x000000071c51f038,0x000000071f180000)
 PSPermGen       total 21504K, used 9064K [0x00000006fc000000, 0x00000006fd500000, 0x0000000701200000)
  object space 21504K, 42% used [0x00000006fc000000,0x00000006fc8da118,0x00000006fd500000)
Event: 1248.740 GC heap after
Heap after GC invocations=1132 (full 6):
 PSYoungGen      total 50688K, used 5238K [0x00000007ab080000, 0x00000007ae800000, 0x0000000800000000)
  eden space 45056K, 0% used [0x00000007ab080000,0x00000007ab080000,0x00000007adc80000)
  from space 5632K, 93% used [0x00000007ae200000,0x00000007ae71d868,0x00000007ae780000)
  to   space 5632K, 0% used [0x00000007adc80000,0x00000007adc80000,0x00000007ae200000)
 ParOldGen       total 491008K, used 445964K [0x0000000701200000, 0x000000071f180000, 0x00000007ab080000)
  object space 491008K, 90% used [0x0000000701200000,0x000000071c583038,0x000000071f180000)
 PSPermGen       total 21504K, used 9064K [0x00000006fc000000, 0x00000006fd500000, 0x0000000701200000)
  object space 21504K, 42% used [0x00000006fc000000,0x00000006fc8da118,0x00000006fd500000)
}
Event: 1250.247 GC heap before
{Heap before GC invocations=1133 (full 6):
 PSYoungGen      total 50688K, used 50294K [0x00000007ab080000, 0x00000007ae800000, 0x0000000800000000)
  eden space 45056K, 100% used [0x00000007ab080000,0x00000007adc80000,0x00000007adc80000)
  from space 5632K, 93% used [0x00000007ae200000,0x00000007ae71d868,0x00000007ae780000)
  to   space 5632K, 0% used [0x00000007adc80000,0x00000007adc80000,0x00000007ae200000)
 ParOldGen       total 491008K, used 445964K [0x0000000701200000, 0x000000071f180000, 0x00000007ab080000)
  object space 491008K, 90% used [0x0000000701200000,0x000000071c583038,0x000000071f180000)
 PSPermGen       total 21504K, used 9064K [0x00000006fc000000, 0x00000006fd500000, 0x0000000701200000)
  object space 21504K, 42% used [0x00000006fc000000,0x00000006fc8da118,0x00000006fd500000)
Event: 1250.254 GC heap after
Heap after GC invocations=1133 (full 6):
 PSYoungGen      total 50176K, used 5631K [0x00000007ab080000, 0x00000007ae800000, 0x0000000800000000)
  eden space 44544K, 0% used [0x00000007ab080000,0x00000007ab080000,0x00000007adc00000)
  from space 5632K, 99% used [0x00000007adc80000,0x00000007ae1fffd0,0x00000007ae200000)
  to   space 6144K, 0% used [0x00000007ae200000,0x00000007ae200000,0x00000007ae800000)
 ParOldGen       total 491008K, used 446699K [0x0000000701200000, 0x000000071f180000, 0x00000007ab080000)
  object space 491008K, 90% used [0x0000000701200000,0x000000071c63af88,0x000000071f180000)
 PSPermGen       total 21504K, used 9064K [0x00000006fc000000, 0x00000006fd500000, 0x0000000701200000)
  object space 21504K, 42% used [0x00000006fc000000,0x00000006fc8da118,0x00000006fd500000)
}
Event: 1251.634 GC heap before
{Heap before GC invocations=1134 (full 6):
 PSYoungGen      total 50176K, used 50175K [0x00000007ab080000, 0x00000007ae800000, 0x0000000800000000)
  eden space 44544K, 100% used [0x00000007ab080000,0x00000007adc00000,0x00000007adc00000)
  from space 5632K, 99% used [0x00000007adc80000,0x00000007ae1fffd0,0x00000007ae200000)
  to   space 6144K, 0% used [0x00000007ae200000,0x00000007ae200000,0x00000007ae800000)
 ParOldGen       total 491008K, used 446699K [0x0000000701200000, 0x000000071f180000, 0x00000007ab080000)
  object space 491008K, 90% used [0x0000000701200000,0x000000071c63af88,0x000000071f180000)
 PSPermGen       total 21504K, used 9064K [0x00000006fc000000, 0x00000006fd500000, 0x0000000701200000)
  object space 21504K, 42% used [0x00000006fc000000,0x00000006fc8da118,0x00000006fd500000)
Event: 1251.639 GC heap after
Heap after GC invocations=1134 (full 6):
 PSYoungGen      total 50176K, used 5653K [0x00000007ab080000, 0x00000007ae800000, 0x0000000800000000)
  eden space 44032K, 0% used [0x00000007ab080000,0x00000007ab080000,0x00000007adb80000)
  from space 6144K, 92% used [0x00000007ae200000,0x00000007ae785558,0x00000007ae800000)
  to   space 6144K, 0% used [0x00000007adc00000,0x00000007adc00000,0x00000007ae200000)
 ParOldGen       total 491008K, used 447185K [0x0000000701200000, 0x000000071f180000, 0x00000007ab080000)
  object space 491008K, 91% used [0x0000000701200000,0x000000071c6b4490,0x000000071f180000)
 PSPermGen       total 21504K, used 9064K [0x00000006fc000000, 0x00000006fd500000, 0x0000000701200000)
  object space 21504K, 42% used [0x00000006fc000000,0x00000006fc8da118,0x00000006fd500000)
}
Event: 1254.200 GC heap before
{Heap before GC invocations=1135 (full 6):
 PSYoungGen      total 50176K, used 49685K [0x00000007ab080000, 0x00000007ae800000, 0x0000000800000000)
  eden space 44032K, 100% used [0x00000007ab080000,0x00000007adb80000,0x00000007adb80000)
  from space 6144K, 92% used [0x00000007ae200000,0x00000007ae785558,0x00000007ae800000)
  to   space 6144K, 0% used [0x00000007adc00000,0x00000007adc00000,0x00000007ae200000)
 ParOldGen       total 491008K, used 447185K [0x0000000701200000, 0x000000071f180000, 0x00000007ab080000)
  object space 491008K, 91% used [0x0000000701200000,0x000000071c6b4490,0x000000071f180000)
 PSPermGen       total 21504K, used 9064K [0x00000006fc000000, 0x00000006fd500000, 0x0000000701200000)
  object space 21504K, 42% used [0x00000006fc000000,0x00000006fc8da118,0x00000006fd500000)
Event: 1254.206 GC heap after
Heap after GC invocations=1135 (full 6):
 PSYoungGen      total 49152K, used 5600K [0x00000007ab080000, 0x00000007ae800000, 0x0000000800000000)
  eden space 43520K, 0% used [0x00000007ab080000,0x00000007ab080000,0x00000007adb00000)
  from space 5632K, 99% used [0x00000007adc00000,0x00000007ae178038,0x00000007ae180000)
  to   space 6656K, 0% used [0x00000007ae180000,0x00000007ae180000,0x00000007ae800000)
 ParOldGen       total 491008K, used 447662K [0x0000000701200000, 0x000000071f180000, 0x00000007ab080000)
  object space 491008K, 91% used [0x0000000701200000,0x000000071c72b9d8,0x000000071f180000)
 PSPermGen       total 21504K, used 9064K [0x00000006fc000000, 0x00000006fd500000, 0x0000000701200000)
  object space 21504K, 42% used [0x00000006fc000000,0x00000006fc8da118,0x00000006fd500000)
}

